README
gcalor.contents
gcalor.tar.gz
include.contents
include.tar.gz
mathlib32_src.tar.gz
minuit32_src.tar.gz
plitar
src_Imakefile.contents
src_Imakefile.tar.gz
src_car.contents
src_car.tar.gz
src_cfortran.contents
src_cfortran.tar.gz
src_cmz.contents
src_cmz.tar.gz
src_config.contents
src_config.tar.gz
src_geant321.contents
src_geant321.tar.gz
src_graflib.contents
src_graflib.tar.gz
src_include.contents
src_include.tar.gz
src_mathlib.contents
src_mathlib.tar.gz
src_mclibs.contents
src_mclibs.tar.gz
src_packlib.contents
src_packlib.tar.gz
src_patchy.contents
src_patchy.tar.gz
src_pawlib.contents
src_pawlib.tar.gz
src_phtools.contents
src_phtools.tar.gz
src_scripts.contents
src_scripts.tar.gz
